# JRE version: OpenJDK Runtime Environment (11.0.11+9) (build 11.0.11+9-b60-7590822)
# Java VM: OpenJDK 64-Bit Server VM (11.0.11+9-b60-7590822, mixed mode, tiered, compressed oops, g1 gc, windows-amd64)
Heap:
 garbage-first heap   total 115712K, used 72494K [0x0000000080000000, 0x0000000100000000)
  region size 1024K, 21 young (21504K), 5 survivors (5120K)
 Metaspace       used 63473K, capacity 64981K, committed 65228K, reserved 1105920K
  class space    used 7989K, capacity 8534K, committed 8652K, reserved 1048576K
GC Heap History (20 events):
Event: 10.364 GC heap before
{Heap before GC invocations=10 (full 0):
 garbage-first heap   total 78848K, used 31891K [0x0000000080000000, 0x0000000100000000)
  region size 1024K, 16 young (16384K), 4 survivors (4096K)
 Metaspace       used 35061K, capacity 35796K, committed 35840K, reserved 1081344K
  class space    used 4552K, capacity 4864K, committed 4864K, reserved 1048576K
}
Event: 10.379 GC heap after
{Heap after GC invocations=11 (full 0):
 garbage-first heap   total 78848K, used 22789K [0x0000000080000000, 0x0000000100000000)
  region size 1024K, 5 young (5120K), 5 survivors (5120K)
 Metaspace       used 35061K, capacity 35796K, committed 35840K, reserved 1081344K
  class space    used 4552K, capacity 4864K, committed 4864K, reserved 1048576K
}
Event: 11.541 GC heap before
{Heap before GC invocations=12 (full 0):
 garbage-first heap   total 78848K, used 50437K [0x0000000080000000, 0x0000000100000000)
  region size 1024K, 33 young (33792K), 5 survivors (5120K)
 Metaspace       used 37263K, capacity 38165K, committed 38476K, reserved 1083392K
  class space    used 4807K, capacity 5138K, committed 5196K, reserved 1048576K
}
Event: 11.558 GC heap after
{Heap after GC invocations=13 (full 0):
 garbage-first heap   total 78848K, used 25267K [0x0000000080000000, 0x0000000100000000)
  region size 1024K, 5 young (5120K), 5 survivors (5120K)
 Metaspace       used 37263K, capacity 38165K, committed 38476K, reserved 1083392K
  class space    used 4807K, capacity 5138K, committed 5196K, reserved 1048576K
}
Event: 12.523 GC heap before
{Heap before GC invocations=13 (full 0):
 garbage-first heap   total 78848K, used 57011K [0x0000000080000000, 0x0000000100000000)
  region size 1024K, 33 young (33792K), 5 survivors (5120K)
 Metaspace       used 39343K, capacity 40347K, committed 40524K, reserved 1085440K
  class space    used 5035K, capacity 5394K, committed 5452K, reserved 1048576K
}
Event: 12.538 GC heap after
{Heap after GC invocations=14 (full 0):
 garbage-first heap   total 95232K, used 26793K [0x0000000080000000, 0x0000000100000000)
  region size 1024K, 5 young (5120K), 5 survivors (5120K)
 Metaspace       used 39343K, capacity 40347K, committed 40524K, reserved 1085440K
  class space    used 5035K, capacity 5394K, committed 5452K, reserved 1048576K
}
Event: 13.605 GC heap before
{Heap before GC invocations=14 (full 0):
 garbage-first heap   total 95232K, used 63657K [0x0000000080000000, 0x0000000100000000)
  region size 1024K, 41 young (41984K), 5 survivors (5120K)
 Metaspace       used 43246K, capacity 44256K, committed 44492K, reserved 1087488K
  class space    used 5487K, capacity 5835K, committed 5836K, reserved 1048576K
}
Event: 13.623 GC heap after
{Heap after GC invocations=15 (full 0):
 garbage-first heap   total 95232K, used 28746K [0x0000000080000000, 0x0000000100000000)
  region size 1024K, 4 young (4096K), 4 survivors (4096K)
 Metaspace       used 43246K, capacity 44256K, committed 44492K, reserved 1087488K
  class space    used 5487K, capacity 5835K, committed 5836K, reserved 1048576K
}
Event: 14.540 GC heap before
{Heap before GC invocations=15 (full 0):
 garbage-first heap   total 95232K, used 68682K [0x0000000080000000, 0x0000000100000000)
  region size 1024K, 43 young (44032K), 4 survivors (4096K)
 Metaspace       used 46136K, capacity 47222K, committed 47308K, reserved 1089536K
  class space    used 5923K, capacity 6334K, committed 6348K, reserved 1048576K
}
Event: 14.549 GC heap after
{Heap after GC invocations=16 (full 0):
 garbage-first heap   total 95232K, used 30074K [0x0000000080000000, 0x0000000100000000)
  region size 1024K, 3 young (3072K), 3 survivors (3072K)
 Metaspace       used 46136K, capacity 47222K, committed 47308K, reserved 1089536K
  class space    used 5923K, capacity 6334K, committed 6348K, reserved 1048576K
}
Event: 16.190 GC heap before
{Heap before GC invocations=16 (full 0):
 garbage-first heap   total 95232K, used 70010K [0x0000000080000000, 0x0000000100000000)
  region size 1024K, 42 young (43008K), 3 survivors (3072K)
 Metaspace       used 47848K, capacity 48983K, committed 49100K, reserved 1091584K
  class space    used 6093K, capacity 6533K, committed 6604K, reserved 1048576K
}
Event: 16.206 GC heap after
{Heap after GC invocations=17 (full 0):
 garbage-first heap   total 95232K, used 33896K [0x0000000080000000, 0x0000000100000000)
  region size 1024K, 6 young (6144K), 6 survivors (6144K)
 Metaspace       used 47848K, capacity 48983K, committed 49100K, reserved 1091584K
  class space    used 6093K, capacity 6533K, committed 6604K, reserved 1048576K
}
Event: 17.512 GC heap before
{Heap before GC invocations=17 (full 0):
 garbage-first heap   total 95232K, used 79976K [0x0000000080000000, 0x0000000100000000)
  region size 1024K, 43 young (44032K), 6 survivors (6144K)
 Metaspace       used 50026K, capacity 51278K, committed 51404K, reserved 1093632K
  class space    used 6369K, capacity 6834K, committed 6860K, reserved 1048576K
}
Event: 17.529 GC heap after
{Heap after GC invocations=18 (full 0):
 garbage-first heap   total 96256K, used 51484K [0x0000000080000000, 0x0000000100000000)
  region size 1024K, 6 young (6144K), 6 survivors (6144K)
 Metaspace       used 50026K, capacity 51278K, committed 51404K, reserved 1093632K
  class space    used 6369K, capacity 6834K, committed 6860K, reserved 1048576K
}
Event: 18.152 GC heap before
{Heap before GC invocations=18 (full 0):
 garbage-first heap   total 96256K, used 75036K [0x0000000080000000, 0x0000000100000000)
  region size 1024K, 29 young (29696K), 6 survivors (6144K)
 Metaspace       used 53048K, capacity 54351K, committed 54732K, reserved 1097728K
  class space    used 6738K, capacity 7240K, committed 7372K, reserved 1048576K
}
Event: 18.164 GC heap after
{Heap after GC invocations=19 (full 0):
 garbage-first heap   total 115712K, used 53299K [0x0000000080000000, 0x0000000100000000)
  region size 1024K, 2 young (2048K), 2 survivors (2048K)
 Metaspace       used 53048K, capacity 54351K, committed 54732K, reserved 1097728K
  class space    used 6738K, capacity 7240K, committed 7372K, reserved 1048576K
}
Event: 19.125 GC heap before
{Heap before GC invocations=20 (full 0):
 garbage-first heap   total 115712K, used 84019K [0x0000000080000000, 0x0000000100000000)
  region size 1024K, 32 young (32768K), 2 survivors (2048K)
 Metaspace       used 57795K, capacity 59118K, committed 59340K, reserved 1101824K
  class space    used 7262K, capacity 7757K, committed 7884K, reserved 1048576K
}
Event: 19.131 GC heap after
{Heap after GC invocations=21 (full 0):
 garbage-first heap   total 115712K, used 54110K [0x0000000080000000, 0x0000000100000000)
  region size 1024K, 2 young (2048K), 2 survivors (2048K)
 Metaspace       used 57795K, capacity 59118K, committed 59340K, reserved 1101824K
  class space    used 7262K, capacity 7757K, committed 7884K, reserved 1048576K
}
Event: 20.041 GC heap before
{Heap before GC invocations=21 (full 0):
 garbage-first heap   total 115712K, used 85854K [0x0000000080000000, 0x0000000100000000)
  region size 1024K, 34 young (34816K), 2 survivors (2048K)
 Metaspace       used 61792K, capacity 63286K, committed 63436K, reserved 1103872K
  class space    used 7774K, capacity 8336K, committed 8396K, reserved 1048576K
}
Event: 20.052 GC heap after
{Heap after GC invocations=22 (full 0):
 garbage-first heap   total 115712K, used 57134K [0x0000000080000000, 0x0000000100000000)
  region size 1024K, 5 young (5120K), 5 survivors (5120K)
 Metaspace       used 61792K, capacity 63286K, committed 63436K, reserved 1103872K
  class space    used 7774K, capacity 8336K, committed 8396K, reserved 1048576K
}

