# JRE version: OpenJDK Runtime Environment (11.0.11+9) (build 11.0.11+9-b60-7590822)
# Java VM: OpenJDK 64-Bit Server VM (11.0.11+9-b60-7590822, mixed mode, tiered, compressed oops, g1 gc, windows-amd64)
Heap:
 garbage-first heap   total 176128K, used 73297K [0x0000000080000000, 0x0000000100000000)
  region size 1024K, 4 young (4096K), 4 survivors (4096K)
 Metaspace       used 78041K, capacity 79746K, committed 79948K, reserved 1118208K
  class space    used 10082K, capacity 10757K, committed 10828K, reserved 1048576K
GC Heap History (20 events):
Event: 16.284 GC heap after
{Heap after GC invocations=29 (full 0):
 garbage-first heap   total 95232K, used 55441K [0x0000000080000000, 0x0000000100000000)
  region size 1024K, 3 young (3072K), 3 survivors (3072K)
 Metaspace       used 59680K, capacity 61123K, committed 61388K, reserved 1101824K
  class space    used 7543K, capacity 8128K, committed 8140K, reserved 1048576K
}
Event: 16.602 GC heap before
{Heap before GC invocations=30 (full 0):
 garbage-first heap   total 95232K, used 71825K [0x0000000080000000, 0x0000000100000000)
  region size 1024K, 20 young (20480K), 3 survivors (3072K)
 Metaspace       used 61440K, capacity 62931K, committed 63180K, reserved 1103872K
  class space    used 7753K, capacity 8304K, committed 8396K, reserved 1048576K
}
Event: 16.612 GC heap after
{Heap after GC invocations=31 (full 0):
 garbage-first heap   total 95232K, used 59647K [0x0000000080000000, 0x0000000100000000)
  region size 1024K, 3 young (3072K), 3 survivors (3072K)
 Metaspace       used 61440K, capacity 62931K, committed 63180K, reserved 1103872K
  class space    used 7753K, capacity 8304K, committed 8396K, reserved 1048576K
}
Event: 16.986 GC heap before
{Heap before GC invocations=31 (full 0):
 garbage-first heap   total 95232K, used 75007K [0x0000000080000000, 0x0000000100000000)
  region size 1024K, 18 young (18432K), 3 survivors (3072K)
 Metaspace       used 63094K, capacity 64560K, committed 64588K, reserved 1105920K
  class space    used 7952K, capacity 8501K, committed 8524K, reserved 1048576K
}
Event: 16.997 GC heap after
{Heap after GC invocations=32 (full 0):
 garbage-first heap   total 114688K, used 61297K [0x0000000080000000, 0x0000000100000000)
  region size 1024K, 2 young (2048K), 2 survivors (2048K)
 Metaspace       used 63094K, capacity 64560K, committed 64588K, reserved 1105920K
  class space    used 7952K, capacity 8501K, committed 8524K, reserved 1048576K
}
Event: 17.433 GC heap before
{Heap before GC invocations=33 (full 0):
 garbage-first heap   total 114688K, used 82801K [0x0000000080000000, 0x0000000100000000)
  region size 1024K, 23 young (23552K), 2 survivors (2048K)
 Metaspace       used 64920K, capacity 66372K, committed 66636K, reserved 1107968K
  class space    used 8189K, capacity 8740K, committed 8780K, reserved 1048576K
}
Event: 17.439 GC heap after
{Heap after GC invocations=34 (full 0):
 garbage-first heap   total 114688K, used 62349K [0x0000000080000000, 0x0000000100000000)
  region size 1024K, 3 young (3072K), 3 survivors (3072K)
 Metaspace       used 64920K, capacity 66372K, committed 66636K, reserved 1107968K
  class space    used 8189K, capacity 8740K, committed 8780K, reserved 1048576K
}
Event: 17.454 GC heap before
{Heap before GC invocations=34 (full 0):
 garbage-first heap   total 114688K, used 62349K [0x0000000080000000, 0x0000000100000000)
  region size 1024K, 4 young (4096K), 3 survivors (3072K)
 Metaspace       used 64952K, capacity 66372K, committed 66636K, reserved 1107968K
  class space    used 8193K, capacity 8740K, committed 8780K, reserved 1048576K
}
Event: 17.459 GC heap after
{Heap after GC invocations=35 (full 0):
 garbage-first heap   total 114688K, used 62701K [0x0000000080000000, 0x0000000100000000)
  region size 1024K, 2 young (2048K), 2 survivors (2048K)
 Metaspace       used 64952K, capacity 66372K, committed 66636K, reserved 1107968K
  class space    used 8193K, capacity 8740K, committed 8780K, reserved 1048576K
}
Event: 18.227 GC heap before
{Heap before GC invocations=36 (full 0):
 garbage-first heap   total 114688K, used 85229K [0x0000000080000000, 0x0000000100000000)
  region size 1024K, 23 young (23552K), 2 survivors (2048K)
 Metaspace       used 67008K, capacity 68499K, committed 68684K, reserved 1110016K
  class space    used 8458K, capacity 8996K, committed 9036K, reserved 1048576K
}
Event: 18.234 GC heap after
{Heap after GC invocations=37 (full 0):
 garbage-first heap   total 114688K, used 63097K [0x0000000080000000, 0x0000000100000000)
  region size 1024K, 3 young (3072K), 3 survivors (3072K)
 Metaspace       used 67008K, capacity 68499K, committed 68684K, reserved 1110016K
  class space    used 8458K, capacity 8996K, committed 9036K, reserved 1048576K
}
Event: 18.696 GC heap before
{Heap before GC invocations=37 (full 0):
 garbage-first heap   total 114688K, used 85625K [0x0000000080000000, 0x0000000100000000)
  region size 1024K, 25 young (25600K), 3 survivors (3072K)
 Metaspace       used 68189K, capacity 69657K, committed 69964K, reserved 1110016K
  class space    used 8598K, capacity 9163K, committed 9292K, reserved 1048576K
}
Event: 18.706 GC heap after
{Heap after GC invocations=38 (full 0):
 garbage-first heap   total 138240K, used 64675K [0x0000000080000000, 0x0000000100000000)
  region size 1024K, 4 young (4096K), 4 survivors (4096K)
 Metaspace       used 68189K, capacity 69657K, committed 69964K, reserved 1110016K
  class space    used 8598K, capacity 9163K, committed 9292K, reserved 1048576K
}
Event: 19.088 GC heap before
{Heap before GC invocations=39 (full 0):
 garbage-first heap   total 138240K, used 98467K [0x0000000080000000, 0x0000000100000000)
  region size 1024K, 37 young (37888K), 4 survivors (4096K)
 Metaspace       used 68535K, capacity 70049K, committed 70220K, reserved 1110016K
  class space    used 8634K, capacity 9231K, committed 9292K, reserved 1048576K
}
Event: 19.107 GC heap after
{Heap after GC invocations=40 (full 0):
 garbage-first heap   total 138240K, used 67502K [0x0000000080000000, 0x0000000100000000)
  region size 1024K, 5 young (5120K), 5 survivors (5120K)
 Metaspace       used 68535K, capacity 70049K, committed 70220K, reserved 1110016K
  class space    used 8634K, capacity 9231K, committed 9292K, reserved 1048576K
}
Event: 19.760 GC heap before
{Heap before GC invocations=40 (full 0):
 garbage-first heap   total 138240K, used 101294K [0x0000000080000000, 0x0000000100000000)
  region size 1024K, 38 young (38912K), 5 survivors (5120K)
 Metaspace       used 71289K, capacity 72798K, committed 72908K, reserved 1112064K
  class space    used 9027K, capacity 9592K, committed 9676K, reserved 1048576K
}
Event: 19.775 GC heap after
{Heap after GC invocations=41 (full 0):
 garbage-first heap   total 138240K, used 69450K [0x0000000080000000, 0x0000000100000000)
  region size 1024K, 2 young (2048K), 2 survivors (2048K)
 Metaspace       used 71289K, capacity 72798K, committed 72908K, reserved 1112064K
  class space    used 9027K, capacity 9592K, committed 9676K, reserved 1048576K
}
Event: 20.664 GC heap before
{Heap before GC invocations=42 (full 0):
 garbage-first heap   total 138240K, used 103242K [0x0000000080000000, 0x0000000100000000)
  region size 1024K, 35 young (35840K), 2 survivors (2048K)
 Metaspace       used 74864K, capacity 76437K, committed 76620K, reserved 1116160K
  class space    used 9613K, capacity 10203K, committed 10316K, reserved 1048576K
}
Event: 20.675 GC heap after
{Heap after GC invocations=43 (full 0):
 garbage-first heap   total 138240K, used 71408K [0x0000000080000000, 0x0000000100000000)
  region size 1024K, 4 young (4096K), 4 survivors (4096K)
 Metaspace       used 74864K, capacity 76437K, committed 76620K, reserved 1116160K
  class space    used 9613K, capacity 10203K, committed 10316K, reserved 1048576K
}
Event: 21.464 GC heap before
{Heap before GC invocations=43 (full 0):
 garbage-first heap   total 138240K, used 106224K [0x0000000080000000, 0x0000000100000000)
  region size 1024K, 38 young (38912K), 4 survivors (4096K)
 Metaspace       used 78041K, capacity 79746K, committed 79948K, reserved 1118208K
  class space    used 10082K, capacity 10757K, committed 10828K, reserved 1048576K
}

