# JRE version: OpenJDK Runtime Environment (11.0.11+9) (build 11.0.11+9-b60-7590822)
# Java VM: OpenJDK 64-Bit Server VM (11.0.11+9-b60-7590822, mixed mode, tiered, compressed oops, g1 gc, windows-amd64)
Heap:
 garbage-first heap   total 65536K, used 24336K [0x0000000080000000, 0x0000000100000000)
  region size 1024K, 10 young (10240K), 2 survivors (2048K)
 Metaspace       used 21606K, capacity 22136K, committed 22400K, reserved 1069056K
  class space    used 2699K, capacity 2879K, committed 2944K, reserved 1048576K
GC Heap History (12 events):
Event: 1.251 GC heap before
{Heap before GC invocations=0 (full 0):
 garbage-first heap   total 65536K, used 16384K [0x0000000080000000, 0x0000000100000000)
  region size 1024K, 14 young (14336K), 0 survivors (0K)
 Metaspace       used 6726K, capacity 6929K, committed 7168K, reserved 1056768K
  class space    used 582K, capacity 650K, committed 768K, reserved 1048576K
}
Event: 1.259 GC heap after
{Heap after GC invocations=1 (full 0):
 garbage-first heap   total 65536K, used 4074K [0x0000000080000000, 0x0000000100000000)
  region size 1024K, 2 young (2048K), 2 survivors (2048K)
 Metaspace       used 6726K, capacity 6929K, committed 7168K, reserved 1056768K
  class space    used 582K, capacity 650K, committed 768K, reserved 1048576K
}
Event: 2.018 GC heap before
{Heap before GC invocations=1 (full 0):
 garbage-first heap   total 65536K, used 18410K [0x0000000080000000, 0x0000000100000000)
  region size 1024K, 14 young (14336K), 2 survivors (2048K)
 Metaspace       used 10278K, capacity 10496K, committed 10624K, reserved 1058816K
  class space    used 1070K, capacity 1140K, committed 1152K, reserved 1048576K
}
Event: 2.026 GC heap after
{Heap after GC invocations=2 (full 0):
 garbage-first heap   total 65536K, used 9417K [0x0000000080000000, 0x0000000100000000)
  region size 1024K, 2 young (2048K), 2 survivors (2048K)
 Metaspace       used 10278K, capacity 10496K, committed 10624K, reserved 1058816K
  class space    used 1070K, capacity 1140K, committed 1152K, reserved 1048576K
}
Event: 8.288 GC heap before
{Heap before GC invocations=2 (full 0):
 garbage-first heap   total 65536K, used 43209K [0x0000000080000000, 0x0000000100000000)
  region size 1024K, 35 young (35840K), 2 survivors (2048K)
 Metaspace       used 11244K, capacity 11451K, committed 11520K, reserved 1058816K
  class space    used 1173K, capacity 1245K, committed 1280K, reserved 1048576K
}
Event: 8.297 GC heap after
{Heap after GC invocations=3 (full 0):
 garbage-first heap   total 65536K, used 12209K [0x0000000080000000, 0x0000000100000000)
  region size 1024K, 5 young (5120K), 5 survivors (5120K)
 Metaspace       used 11244K, capacity 11451K, committed 11520K, reserved 1058816K
  class space    used 1173K, capacity 1245K, committed 1280K, reserved 1048576K
}
Event: 10.779 GC heap before
{Heap before GC invocations=3 (full 0):
 garbage-first heap   total 65536K, used 44977K [0x0000000080000000, 0x0000000100000000)
  region size 1024K, 37 young (37888K), 5 survivors (5120K)
 Metaspace       used 16954K, capacity 17302K, committed 17536K, reserved 1064960K
  class space    used 1961K, capacity 2068K, committed 2176K, reserved 1048576K
}
Event: 10.807 GC heap after
{Heap after GC invocations=4 (full 0):
 garbage-first heap   total 65536K, used 15781K [0x0000000080000000, 0x0000000100000000)
  region size 1024K, 5 young (5120K), 5 survivors (5120K)
 Metaspace       used 16954K, capacity 17302K, committed 17536K, reserved 1064960K
  class space    used 1961K, capacity 2068K, committed 2176K, reserved 1048576K
}
Event: 11.930 GC heap before
{Heap before GC invocations=4 (full 0):
 garbage-first heap   total 65536K, used 45477K [0x0000000080000000, 0x0000000100000000)
  region size 1024K, 35 young (35840K), 5 survivors (5120K)
 Metaspace       used 20301K, capacity 20690K, committed 20864K, reserved 1067008K
  class space    used 2493K, capacity 2626K, committed 2688K, reserved 1048576K
}
Event: 11.938 GC heap after
{Heap after GC invocations=5 (full 0):
 garbage-first heap   total 65536K, used 17174K [0x0000000080000000, 0x0000000100000000)
  region size 1024K, 2 young (2048K), 2 survivors (2048K)
 Metaspace       used 20301K, capacity 20690K, committed 20864K, reserved 1067008K
  class space    used 2493K, capacity 2626K, committed 2688K, reserved 1048576K
}
Event: 12.040 GC heap before
{Heap before GC invocations=5 (full 0):
 garbage-first heap   total 65536K, used 19222K [0x0000000080000000, 0x0000000100000000)
  region size 1024K, 5 young (5120K), 2 survivors (2048K)
 Metaspace       used 20672K, capacity 21080K, committed 21248K, reserved 1067008K
  class space    used 2538K, capacity 2692K, committed 2816K, reserved 1048576K
}
Event: 12.046 GC heap after
{Heap after GC invocations=6 (full 0):
 garbage-first heap   total 65536K, used 17168K [0x0000000080000000, 0x0000000100000000)
  region size 1024K, 2 young (2048K), 2 survivors (2048K)
 Metaspace       used 20672K, capacity 21080K, committed 21248K, reserved 1067008K
  class space    used 2538K, capacity 2692K, committed 2816K, reserved 1048576K
}

