# JRE version: OpenJDK Runtime Environment (11.0.11+9) (build 11.0.11+9-b60-7590822)
# Java VM: OpenJDK 64-Bit Server VM (11.0.11+9-b60-7590822, mixed mode, tiered, compressed oops, g1 gc, windows-amd64)
Heap:
 garbage-first heap   total 95232K, used 64440K [0x0000000080000000, 0x0000000100000000)
  region size 1024K, 14 young (14336K), 3 survivors (3072K)
 Metaspace       used 59910K, capacity 61376K, committed 61644K, reserved 1103872K
  class space    used 7559K, capacity 8105K, committed 8140K, reserved 1048576K
GC Heap History (20 events):
Event: 13.739 GC heap before
{Heap before GC invocations=14 (full 0):
 garbage-first heap   total 78848K, used 57727K [0x0000000080000000, 0x0000000100000000)
  region size 1024K, 35 young (35840K), 5 survivors (5120K)
 Metaspace       used 42162K, capacity 43196K, committed 43212K, reserved 1087488K
  class space    used 5445K, capacity 5824K, committed 5836K, reserved 1048576K
}
Event: 13.751 GC heap after
{Heap after GC invocations=15 (full 0):
 garbage-first heap   total 78848K, used 28360K [0x0000000080000000, 0x0000000100000000)
  region size 1024K, 4 young (4096K), 4 survivors (4096K)
 Metaspace       used 42162K, capacity 43196K, committed 43212K, reserved 1087488K
  class space    used 5445K, capacity 5824K, committed 5836K, reserved 1048576K
}
Event: 14.351 GC heap before
{Heap before GC invocations=15 (full 0):
 garbage-first heap   total 78848K, used 60104K [0x0000000080000000, 0x0000000100000000)
  region size 1024K, 35 young (35840K), 4 survivors (4096K)
 Metaspace       used 45083K, capacity 46102K, committed 46156K, reserved 1089536K
  class space    used 5779K, capacity 6173K, committed 6220K, reserved 1048576K
}
Event: 14.360 GC heap after
{Heap after GC invocations=16 (full 0):
 garbage-first heap   total 78848K, used 29827K [0x0000000080000000, 0x0000000100000000)
  region size 1024K, 3 young (3072K), 3 survivors (3072K)
 Metaspace       used 45083K, capacity 46102K, committed 46156K, reserved 1089536K
  class space    used 5779K, capacity 6173K, committed 6220K, reserved 1048576K
}
Event: 15.493 GC heap before
{Heap before GC invocations=16 (full 0):
 garbage-first heap   total 78848K, used 61571K [0x0000000080000000, 0x0000000100000000)
  region size 1024K, 34 young (34816K), 3 survivors (3072K)
 Metaspace       used 47206K, capacity 48383K, committed 48588K, reserved 1091584K
  class space    used 6041K, capacity 6486K, committed 6604K, reserved 1048576K
}
Event: 15.504 GC heap after
{Heap after GC invocations=17 (full 0):
 garbage-first heap   total 78848K, used 32078K [0x0000000080000000, 0x0000000100000000)
  region size 1024K, 5 young (5120K), 5 survivors (5120K)
 Metaspace       used 47206K, capacity 48383K, committed 48588K, reserved 1091584K
  class space    used 6041K, capacity 6486K, committed 6604K, reserved 1048576K
}
Event: 16.526 GC heap before
{Heap before GC invocations=17 (full 0):
 garbage-first heap   total 78848K, used 65870K [0x0000000080000000, 0x0000000100000000)
  region size 1024K, 35 young (35840K), 5 survivors (5120K)
 Metaspace       used 48031K, capacity 49194K, committed 49356K, reserved 1091584K
  class space    used 6112K, capacity 6578K, committed 6604K, reserved 1048576K
}
Event: 16.539 GC heap after
{Heap after GC invocations=18 (full 0):
 garbage-first heap   total 78848K, used 40041K [0x0000000080000000, 0x0000000100000000)
  region size 1024K, 5 young (5120K), 5 survivors (5120K)
 Metaspace       used 48031K, capacity 49194K, committed 49356K, reserved 1091584K
  class space    used 6112K, capacity 6578K, committed 6604K, reserved 1048576K
}
Event: 16.612 GC heap before
{Heap before GC invocations=18 (full 0):
 garbage-first heap   total 78848K, used 41065K [0x0000000080000000, 0x0000000100000000)
  region size 1024K, 7 young (7168K), 5 survivors (5120K)
 Metaspace       used 48039K, capacity 49258K, committed 49356K, reserved 1091584K
  class space    used 6112K, capacity 6578K, committed 6604K, reserved 1048576K
}
Event: 16.620 GC heap after
{Heap after GC invocations=19 (full 0):
 garbage-first heap   total 95232K, used 42258K [0x0000000080000000, 0x0000000100000000)
  region size 1024K, 2 young (2048K), 2 survivors (2048K)
 Metaspace       used 48039K, capacity 49258K, committed 49356K, reserved 1091584K
  class space    used 6112K, capacity 6578K, committed 6604K, reserved 1048576K
}
Event: 18.868 GC heap before
{Heap before GC invocations=20 (full 0):
 garbage-first heap   total 95232K, used 64786K [0x0000000080000000, 0x0000000100000000)
  region size 1024K, 20 young (20480K), 2 survivors (2048K)
 Metaspace       used 48956K, capacity 50198K, committed 50252K, reserved 1093632K
  class space    used 6227K, capacity 6707K, committed 6732K, reserved 1048576K
}
Event: 18.876 GC heap after
{Heap after GC invocations=21 (full 0):
 garbage-first heap   total 95232K, used 51824K [0x0000000080000000, 0x0000000100000000)
  region size 1024K, 3 young (3072K), 3 survivors (3072K)
 Metaspace       used 48956K, capacity 50198K, committed 50252K, reserved 1093632K
  class space    used 6227K, capacity 6707K, committed 6732K, reserved 1048576K
}
Event: 19.298 GC heap before
{Heap before GC invocations=21 (full 0):
 garbage-first heap   total 95232K, used 66160K [0x0000000080000000, 0x0000000100000000)
  region size 1024K, 18 young (18432K), 3 survivors (3072K)
 Metaspace       used 50925K, capacity 52210K, committed 52300K, reserved 1095680K
  class space    used 6466K, capacity 6974K, committed 6988K, reserved 1048576K
}
Event: 19.303 GC heap after
{Heap after GC invocations=22 (full 0):
 garbage-first heap   total 95232K, used 52340K [0x0000000080000000, 0x0000000100000000)
  region size 1024K, 1 young (1024K), 1 survivors (1024K)
 Metaspace       used 50925K, capacity 52210K, committed 52300K, reserved 1095680K
  class space    used 6466K, capacity 6974K, committed 6988K, reserved 1048576K
}
Event: 19.737 GC heap before
{Heap before GC invocations=23 (full 0):
 garbage-first heap   total 95232K, used 68724K [0x0000000080000000, 0x0000000100000000)
  region size 1024K, 17 young (17408K), 1 survivors (1024K)
 Metaspace       used 53041K, capacity 54348K, committed 54732K, reserved 1097728K
  class space    used 6730K, capacity 7237K, committed 7372K, reserved 1048576K
}
Event: 19.741 GC heap after
{Heap after GC invocations=24 (full 0):
 garbage-first heap   total 95232K, used 52899K [0x0000000080000000, 0x0000000100000000)
  region size 1024K, 1 young (1024K), 1 survivors (1024K)
 Metaspace       used 53041K, capacity 54348K, committed 54732K, reserved 1097728K
  class space    used 6730K, capacity 7237K, committed 7372K, reserved 1048576K
}
Event: 20.234 GC heap before
{Heap before GC invocations=24 (full 0):
 garbage-first heap   total 95232K, used 70307K [0x0000000080000000, 0x0000000100000000)
  region size 1024K, 18 young (18432K), 1 survivors (1024K)
 Metaspace       used 55586K, capacity 56941K, committed 57036K, reserved 1099776K
  class space    used 7042K, capacity 7545K, committed 7628K, reserved 1048576K
}
Event: 20.239 GC heap after
{Heap after GC invocations=25 (full 0):
 garbage-first heap   total 95232K, used 53452K [0x0000000080000000, 0x0000000100000000)
  region size 1024K, 2 young (2048K), 2 survivors (2048K)
 Metaspace       used 55586K, capacity 56941K, committed 57036K, reserved 1099776K
  class space    used 7042K, capacity 7545K, committed 7628K, reserved 1048576K
}
Event: 20.720 GC heap before
{Heap before GC invocations=26 (full 0):
 garbage-first heap   total 95232K, used 69836K [0x0000000080000000, 0x0000000100000000)
  region size 1024K, 19 young (19456K), 2 survivors (2048K)
 Metaspace       used 58233K, capacity 59692K, committed 59852K, reserved 1101824K
  class space    used 7329K, capacity 7862K, committed 7884K, reserved 1048576K
}
Event: 20.725 GC heap after
{Heap after GC invocations=27 (full 0):
 garbage-first heap   total 95232K, used 54200K [0x0000000080000000, 0x0000000100000000)
  region size 1024K, 3 young (3072K), 3 survivors (3072K)
 Metaspace       used 58233K, capacity 59692K, committed 59852K, reserved 1101824K
  class space    used 7329K, capacity 7862K, committed 7884K, reserved 1048576K
}

