# JRE version: OpenJDK Runtime Environment (11.0.11+9) (build 11.0.11+9-b60-7590822)
# Java VM: OpenJDK 64-Bit Server VM (11.0.11+9-b60-7590822, mixed mode, tiered, compressed oops, g1 gc, windows-amd64)
Heap:
 garbage-first heap   total 140288K, used 83546K [0x0000000080000000, 0x0000000100000000)
  region size 1024K, 16 young (16384K), 5 survivors (5120K)
 Metaspace       used 82604K, capacity 84413K, committed 84556K, reserved 1122304K
  class space    used 10684K, capacity 11381K, committed 11392K, reserved 1048576K
GC Heap History (20 events):
Event: 13.124 GC heap before
{Heap before GC invocations=19 (full 0):
 garbage-first heap   total 97280K, used 73961K [0x0000000080000000, 0x0000000100000000)
  region size 1024K, 29 young (29696K), 6 survivors (6144K)
 Metaspace       used 52282K, capacity 53595K, committed 53708K, reserved 1095680K
  class space    used 6640K, capacity 7138K, committed 7168K, reserved 1048576K
}
Event: 13.135 GC heap after
{Heap after GC invocations=20 (full 0):
 garbage-first heap   total 116736K, used 53248K [0x0000000080000000, 0x0000000100000000)
  region size 1024K, 1 young (1024K), 1 survivors (1024K)
 Metaspace       used 52282K, capacity 53595K, committed 53708K, reserved 1095680K
  class space    used 6640K, capacity 7138K, committed 7168K, reserved 1048576K
}
Event: 14.129 GC heap before
{Heap before GC invocations=21 (full 0):
 garbage-first heap   total 116736K, used 90112K [0x0000000080000000, 0x0000000100000000)
  region size 1024K, 37 young (37888K), 1 survivors (1024K)
 Metaspace       used 57664K, capacity 59045K, committed 59212K, reserved 1101824K
  class space    used 7251K, capacity 7757K, committed 7808K, reserved 1048576K
}
Event: 14.134 GC heap after
{Heap after GC invocations=22 (full 0):
 garbage-first heap   total 116736K, used 54272K [0x0000000080000000, 0x0000000100000000)
  region size 1024K, 2 young (2048K), 2 survivors (2048K)
 Metaspace       used 57664K, capacity 59045K, committed 59212K, reserved 1101824K
  class space    used 7251K, capacity 7757K, committed 7808K, reserved 1048576K
}
Event: 15.250 GC heap before
{Heap before GC invocations=22 (full 0):
 garbage-first heap   total 116736K, used 90112K [0x0000000080000000, 0x0000000100000000)
  region size 1024K, 38 young (38912K), 2 survivors (2048K)
 Metaspace       used 62173K, capacity 63665K, committed 63948K, reserved 1105920K
  class space    used 7830K, capacity 8401K, committed 8448K, reserved 1048576K
}
Event: 15.259 GC heap after
{Heap after GC invocations=23 (full 0):
 garbage-first heap   total 116736K, used 57459K [0x0000000080000000, 0x0000000100000000)
  region size 1024K, 5 young (5120K), 5 survivors (5120K)
 Metaspace       used 62173K, capacity 63665K, committed 63948K, reserved 1105920K
  class space    used 7830K, capacity 8401K, committed 8448K, reserved 1048576K
}
Event: 15.901 GC heap before
{Heap before GC invocations=23 (full 0):
 garbage-first heap   total 116736K, used 88179K [0x0000000080000000, 0x0000000100000000)
  region size 1024K, 36 young (36864K), 5 survivors (5120K)
 Metaspace       used 64937K, capacity 66431K, committed 66636K, reserved 1107968K
  class space    used 8179K, capacity 8740K, committed 8832K, reserved 1048576K
}
Event: 15.914 GC heap after
{Heap after GC invocations=24 (full 0):
 garbage-first heap   total 116736K, used 59881K [0x0000000080000000, 0x0000000100000000)
  region size 1024K, 3 young (3072K), 3 survivors (3072K)
 Metaspace       used 64937K, capacity 66431K, committed 66636K, reserved 1107968K
  class space    used 8179K, capacity 8740K, committed 8832K, reserved 1048576K
}
Event: 16.636 GC heap before
{Heap before GC invocations=25 (full 0):
 garbage-first heap   total 116736K, used 92649K [0x0000000080000000, 0x0000000100000000)
  region size 1024K, 34 young (34816K), 3 survivors (3072K)
 Metaspace       used 67597K, capacity 69053K, committed 69324K, reserved 1110016K
  class space    used 8518K, capacity 9094K, committed 9216K, reserved 1048576K
}
Event: 16.643 GC heap after
{Heap after GC invocations=26 (full 0):
 garbage-first heap   total 116736K, used 60979K [0x0000000080000000, 0x0000000100000000)
  region size 1024K, 4 young (4096K), 4 survivors (4096K)
 Metaspace       used 67597K, capacity 69053K, committed 69324K, reserved 1110016K
  class space    used 8518K, capacity 9094K, committed 9216K, reserved 1048576K
}
Event: 17.049 GC heap before
{Heap before GC invocations=26 (full 0):
 garbage-first heap   total 116736K, used 92723K [0x0000000080000000, 0x0000000100000000)
  region size 1024K, 35 young (35840K), 4 survivors (4096K)
 Metaspace       used 68293K, capacity 69915K, committed 70220K, reserved 1110016K
  class space    used 8613K, capacity 9231K, committed 9344K, reserved 1048576K
}
Event: 17.066 GC heap after
{Heap after GC invocations=27 (full 0):
 garbage-first heap   total 116736K, used 63473K [0x0000000080000000, 0x0000000100000000)
  region size 1024K, 4 young (4096K), 4 survivors (4096K)
 Metaspace       used 68293K, capacity 69915K, committed 70220K, reserved 1110016K
  class space    used 8613K, capacity 9231K, committed 9344K, reserved 1048576K
}
Event: 17.468 GC heap before
{Heap before GC invocations=28 (full 0):
 garbage-first heap   total 116736K, used 95217K [0x0000000080000000, 0x0000000100000000)
  region size 1024K, 35 young (35840K), 4 survivors (4096K)
 Metaspace       used 69468K, capacity 71048K, committed 71244K, reserved 1112064K
  class space    used 8723K, capacity 9330K, committed 9344K, reserved 1048576K
}
Event: 17.481 GC heap after
{Heap after GC invocations=29 (full 0):
 garbage-first heap   total 140288K, used 65560K [0x0000000080000000, 0x0000000100000000)
  region size 1024K, 5 young (5120K), 5 survivors (5120K)
 Metaspace       used 69468K, capacity 71048K, committed 71244K, reserved 1112064K
  class space    used 8723K, capacity 9330K, committed 9344K, reserved 1048576K
}
Event: 18.547 GC heap before
{Heap before GC invocations=29 (full 0):
 garbage-first heap   total 140288K, used 105496K [0x0000000080000000, 0x0000000100000000)
  region size 1024K, 44 young (45056K), 5 survivors (5120K)
 Metaspace       used 74097K, capacity 75632K, committed 75980K, reserved 1116160K
  class space    used 9512K, capacity 10130K, committed 10240K, reserved 1048576K
}
Event: 18.559 GC heap after
{Heap after GC invocations=30 (full 0):
 garbage-first heap   total 140288K, used 68363K [0x0000000080000000, 0x0000000100000000)
  region size 1024K, 5 young (5120K), 5 survivors (5120K)
 Metaspace       used 74097K, capacity 75632K, committed 75980K, reserved 1116160K
  class space    used 9512K, capacity 10130K, committed 10240K, reserved 1048576K
}
Event: 19.415 GC heap before
{Heap before GC invocations=30 (full 0):
 garbage-first heap   total 140288K, used 107275K [0x0000000080000000, 0x0000000100000000)
  region size 1024K, 43 young (44032K), 5 survivors (5120K)
 Metaspace       used 77198K, capacity 78936K, committed 79180K, reserved 1118208K
  class space    used 9948K, capacity 10595K, committed 10624K, reserved 1048576K
}
Event: 19.441 GC heap after
{Heap after GC invocations=31 (full 0):
 garbage-first heap   total 140288K, used 71094K [0x0000000080000000, 0x0000000100000000)
  region size 1024K, 6 young (6144K), 6 survivors (6144K)
 Metaspace       used 77198K, capacity 78936K, committed 79180K, reserved 1118208K
  class space    used 9948K, capacity 10595K, committed 10624K, reserved 1048576K
}
Event: 20.308 GC heap before
{Heap before GC invocations=32 (full 0):
 garbage-first heap   total 140288K, used 110006K [0x0000000080000000, 0x0000000100000000)
  region size 1024K, 44 young (45056K), 6 survivors (6144K)
 Metaspace       used 80722K, capacity 82518K, committed 82636K, reserved 1120256K
  class space    used 10469K, capacity 11180K, committed 11264K, reserved 1048576K
}
Event: 20.323 GC heap after
{Heap after GC invocations=33 (full 0):
 garbage-first heap   total 140288K, used 73306K [0x0000000080000000, 0x0000000100000000)
  region size 1024K, 5 young (5120K), 5 survivors (5120K)
 Metaspace       used 80722K, capacity 82518K, committed 82636K, reserved 1120256K
  class space    used 10469K, capacity 11180K, committed 11264K, reserved 1048576K
}

