# JRE version: OpenJDK Runtime Environment (11.0.11+9) (build 11.0.11+9-b60-7590822)
# Java VM: OpenJDK 64-Bit Server VM (11.0.11+9-b60-7590822, mixed mode, tiered, compressed oops, g1 gc, windows-amd64)
Heap:
 garbage-first heap   total 65536K, used 34742K [0x0000000080000000, 0x0000000100000000)
  region size 1024K, 18 young (18432K), 3 survivors (3072K)
 Metaspace       used 31924K, capacity 32673K, committed 33024K, reserved 1077248K
  class space    used 4227K, capacity 4503K, committed 4608K, reserved 1048576K
GC Heap History (18 events):
Event: 1.328 GC heap before
{Heap before GC invocations=0 (full 0):
 garbage-first heap   total 65536K, used 16384K [0x0000000080000000, 0x0000000100000000)
  region size 1024K, 14 young (14336K), 0 survivors (0K)
 Metaspace       used 6732K, capacity 6929K, committed 7168K, reserved 1056768K
  class space    used 582K, capacity 650K, committed 768K, reserved 1048576K
}
Event: 1.337 GC heap after
{Heap after GC invocations=1 (full 0):
 garbage-first heap   total 65536K, used 4027K [0x0000000080000000, 0x0000000100000000)
  region size 1024K, 2 young (2048K), 2 survivors (2048K)
 Metaspace       used 6732K, capacity 6929K, committed 7168K, reserved 1056768K
  class space    used 582K, capacity 650K, committed 768K, reserved 1048576K
}
Event: 2.111 GC heap before
{Heap before GC invocations=1 (full 0):
 garbage-first heap   total 65536K, used 17339K [0x0000000080000000, 0x0000000100000000)
  region size 1024K, 13 young (13312K), 2 survivors (2048K)
 Metaspace       used 10215K, capacity 10432K, committed 10624K, reserved 1058816K
  class space    used 1070K, capacity 1140K, committed 1152K, reserved 1048576K
}
Event: 2.120 GC heap after
{Heap after GC invocations=2 (full 0):
 garbage-first heap   total 65536K, used 9214K [0x0000000080000000, 0x0000000100000000)
  region size 1024K, 2 young (2048K), 2 survivors (2048K)
 Metaspace       used 10215K, capacity 10432K, committed 10624K, reserved 1058816K
  class space    used 1070K, capacity 1140K, committed 1152K, reserved 1048576K
}
Event: 3.031 GC heap before
{Heap before GC invocations=2 (full 0):
 garbage-first heap   total 65536K, used 43006K [0x0000000080000000, 0x0000000100000000)
  region size 1024K, 35 young (35840K), 2 survivors (2048K)
 Metaspace       used 11206K, capacity 11387K, committed 11520K, reserved 1058816K
  class space    used 1173K, capacity 1245K, committed 1280K, reserved 1048576K
}
Event: 3.038 GC heap after
{Heap after GC invocations=3 (full 0):
 garbage-first heap   total 65536K, used 12933K [0x0000000080000000, 0x0000000100000000)
  region size 1024K, 5 young (5120K), 5 survivors (5120K)
 Metaspace       used 11206K, capacity 11387K, committed 11520K, reserved 1058816K
  class space    used 1173K, capacity 1245K, committed 1280K, reserved 1048576K
}
Event: 5.096 GC heap before
{Heap before GC invocations=3 (full 0):
 garbage-first heap   total 65536K, used 45701K [0x0000000080000000, 0x0000000100000000)
  region size 1024K, 37 young (37888K), 5 survivors (5120K)
 Metaspace       used 16693K, capacity 17107K, committed 17280K, reserved 1064960K
  class space    used 1935K, capacity 2067K, committed 2176K, reserved 1048576K
}
Event: 5.107 GC heap after
{Heap after GC invocations=4 (full 0):
 garbage-first heap   total 65536K, used 15909K [0x0000000080000000, 0x0000000100000000)
  region size 1024K, 5 young (5120K), 5 survivors (5120K)
 Metaspace       used 16693K, capacity 17107K, committed 17280K, reserved 1064960K
  class space    used 1935K, capacity 2067K, committed 2176K, reserved 1048576K
}
Event: 5.808 GC heap before
{Heap before GC invocations=4 (full 0):
 garbage-first heap   total 65536K, used 46629K [0x0000000080000000, 0x0000000100000000)
  region size 1024K, 35 young (35840K), 5 survivors (5120K)
 Metaspace       used 20031K, capacity 20483K, committed 20608K, reserved 1067008K
  class space    used 2456K, capacity 2620K, committed 2688K, reserved 1048576K
}
Event: 5.815 GC heap after
{Heap after GC invocations=5 (full 0):
 garbage-first heap   total 65536K, used 17077K [0x0000000080000000, 0x0000000100000000)
  region size 1024K, 2 young (2048K), 2 survivors (2048K)
 Metaspace       used 20031K, capacity 20483K, committed 20608K, reserved 1067008K
  class space    used 2456K, capacity 2620K, committed 2688K, reserved 1048576K
}
Event: 5.943 GC heap before
{Heap before GC invocations=5 (full 0):
 garbage-first heap   total 65536K, used 20149K [0x0000000080000000, 0x0000000100000000)
  region size 1024K, 6 young (6144K), 2 survivors (2048K)
 Metaspace       used 20680K, capacity 21092K, committed 21248K, reserved 1067008K
  class space    used 2546K, capacity 2696K, committed 2816K, reserved 1048576K
}
Event: 5.948 GC heap after
{Heap after GC invocations=6 (full 0):
 garbage-first heap   total 65536K, used 17168K [0x0000000080000000, 0x0000000100000000)
  region size 1024K, 2 young (2048K), 2 survivors (2048K)
 Metaspace       used 20680K, capacity 21092K, committed 21248K, reserved 1067008K
  class space    used 2546K, capacity 2696K, committed 2816K, reserved 1048576K
}
Event: 6.595 GC heap before
{Heap before GC invocations=7 (full 0):
 garbage-first heap   total 65536K, used 46864K [0x0000000080000000, 0x0000000100000000)
  region size 1024K, 31 young (31744K), 2 survivors (2048K)
 Metaspace       used 23785K, capacity 24277K, committed 24576K, reserved 1071104K
  class space    used 3036K, capacity 3230K, committed 3328K, reserved 1048576K
}
Event: 6.600 GC heap after
{Heap after GC invocations=8 (full 0):
 garbage-first heap   total 65536K, used 18032K [0x0000000080000000, 0x0000000100000000)
  region size 1024K, 3 young (3072K), 3 survivors (3072K)
 Metaspace       used 23785K, capacity 24277K, committed 24576K, reserved 1071104K
  class space    used 3036K, capacity 3230K, committed 3328K, reserved 1048576K
}
Event: 7.258 GC heap before
{Heap before GC invocations=8 (full 0):
 garbage-first heap   total 65536K, used 47728K [0x0000000080000000, 0x0000000100000000)
  region size 1024K, 32 young (32768K), 3 survivors (3072K)
 Metaspace       used 26523K, capacity 27116K, committed 27264K, reserved 1073152K
  class space    used 3490K, capacity 3690K, committed 3712K, reserved 1048576K
}
Event: 7.265 GC heap after
{Heap after GC invocations=9 (full 0):
 garbage-first heap   total 65536K, used 19350K [0x0000000080000000, 0x0000000100000000)
  region size 1024K, 3 young (3072K), 3 survivors (3072K)
 Metaspace       used 26523K, capacity 27116K, committed 27264K, reserved 1073152K
  class space    used 3490K, capacity 3690K, committed 3712K, reserved 1048576K
}
Event: 8.064 GC heap before
{Heap before GC invocations=9 (full 0):
 garbage-first heap   total 65536K, used 49046K [0x0000000080000000, 0x0000000100000000)
  region size 1024K, 32 young (32768K), 3 survivors (3072K)
 Metaspace       used 29401K, capacity 30109K, committed 30336K, reserved 1075200K
  class space    used 3938K, capacity 4201K, committed 4224K, reserved 1048576K
}
Event: 8.070 GC heap after
{Heap after GC invocations=10 (full 0):
 garbage-first heap   total 65536K, used 20406K [0x0000000080000000, 0x0000000100000000)
  region size 1024K, 3 young (3072K), 3 survivors (3072K)
 Metaspace       used 29401K, capacity 30109K, committed 30336K, reserved 1075200K
  class space    used 3938K, capacity 4201K, committed 4224K, reserved 1048576K
}

