# JRE version: OpenJDK Runtime Environment (11.0.11+9) (build 11.0.11+9-b60-7590822)
# Java VM: OpenJDK 64-Bit Server VM (11.0.11+9-b60-7590822, mixed mode, tiered, compressed oops, g1 gc, windows-amd64)
Heap:
 garbage-first heap   total 114688K, used 81299K [0x0000000080000000, 0x0000000100000000)
  region size 1024K, 16 young (16384K), 3 survivors (3072K)
 Metaspace       used 76949K, capacity 78577K, committed 78668K, reserved 1118208K
  class space    used 9893K, capacity 10521K, committed 10572K, reserved 1048576K
GC Heap History (20 events):
Event: 27.128 GC heap before
{Heap before GC invocations=28 (full 0):
 garbage-first heap   total 95232K, used 69695K [0x0000000080000000, 0x0000000100000000)
  region size 1024K, 15 young (15360K), 2 survivors (2048K)
 Metaspace       used 65052K, capacity 66504K, committed 66636K, reserved 1107968K
  class space    used 8179K, capacity 8740K, committed 8780K, reserved 1048576K
}
Event: 27.134 GC heap after
{Heap after GC invocations=29 (full 0):
 garbage-first heap   total 95232K, used 59237K [0x0000000080000000, 0x0000000100000000)
  region size 1024K, 3 young (3072K), 3 survivors (3072K)
 Metaspace       used 65052K, capacity 66504K, committed 66636K, reserved 1107968K
  class space    used 8179K, capacity 8740K, committed 8780K, reserved 1048576K
}
Event: 28.253 GC heap before
{Heap before GC invocations=30 (full 0):
 garbage-first heap   total 95232K, used 78693K [0x0000000080000000, 0x0000000100000000)
  region size 1024K, 21 young (21504K), 3 survivors (3072K)
 Metaspace       used 66884K, capacity 68373K, committed 68428K, reserved 1107968K
  class space    used 8413K, capacity 8994K, committed 9036K, reserved 1048576K
}
Event: 28.262 GC heap after
{Heap after GC invocations=31 (full 0):
 garbage-first heap   total 95232K, used 59760K [0x0000000080000000, 0x0000000100000000)
  region size 1024K, 2 young (2048K), 2 survivors (2048K)
 Metaspace       used 66884K, capacity 68373K, committed 68428K, reserved 1107968K
  class space    used 8413K, capacity 8994K, committed 9036K, reserved 1048576K
}
Event: 28.876 GC heap before
{Heap before GC invocations=31 (full 0):
 garbage-first heap   total 95232K, used 78192K [0x0000000080000000, 0x0000000100000000)
  region size 1024K, 20 young (20480K), 2 survivors (2048K)
 Metaspace       used 68096K, capacity 69611K, committed 69836K, reserved 1110016K
  class space    used 8557K, capacity 9127K, committed 9164K, reserved 1048576K
}
Event: 28.885 GC heap after
{Heap after GC invocations=32 (full 0):
 garbage-first heap   total 95232K, used 60741K [0x0000000080000000, 0x0000000100000000)
  region size 1024K, 3 young (3072K), 3 survivors (3072K)
 Metaspace       used 68096K, capacity 69611K, committed 69836K, reserved 1110016K
  class space    used 8557K, capacity 9127K, committed 9164K, reserved 1048576K
}
Event: 29.421 GC heap before
{Heap before GC invocations=33 (full 0):
 garbage-first heap   total 95232K, used 79173K [0x0000000080000000, 0x0000000100000000)
  region size 1024K, 21 young (21504K), 3 survivors (3072K)
 Metaspace       used 68407K, capacity 69957K, committed 70220K, reserved 1110016K
  class space    used 8610K, capacity 9198K, committed 9292K, reserved 1048576K
}
Event: 29.444 GC heap after
{Heap after GC invocations=34 (full 0):
 garbage-first heap   total 95232K, used 62521K [0x0000000080000000, 0x0000000100000000)
  region size 1024K, 3 young (3072K), 3 survivors (3072K)
 Metaspace       used 68407K, capacity 69957K, committed 70220K, reserved 1110016K
  class space    used 8610K, capacity 9198K, committed 9292K, reserved 1048576K
}
Event: 29.723 GC heap before
{Heap before GC invocations=34 (full 0):
 garbage-first heap   total 95232K, used 78905K [0x0000000080000000, 0x0000000100000000)
  region size 1024K, 19 young (19456K), 3 survivors (3072K)
 Metaspace       used 68453K, capacity 70055K, committed 70220K, reserved 1110016K
  class space    used 8618K, capacity 9232K, committed 9292K, reserved 1048576K
}
Event: 29.746 GC heap after
{Heap after GC invocations=35 (full 0):
 garbage-first heap   total 95232K, used 63950K [0x0000000080000000, 0x0000000100000000)
  region size 1024K, 2 young (2048K), 2 survivors (2048K)
 Metaspace       used 68453K, capacity 70055K, committed 70220K, reserved 1110016K
  class space    used 8618K, capacity 9232K, committed 9292K, reserved 1048576K
}
Event: 29.955 GC heap before
{Heap before GC invocations=35 (full 0):
 garbage-first heap   total 95232K, used 79310K [0x0000000080000000, 0x0000000100000000)
  region size 1024K, 17 young (17408K), 2 survivors (2048K)
 Metaspace       used 68832K, capacity 70388K, committed 70476K, reserved 1110016K
  class space    used 8641K, capacity 9235K, committed 9292K, reserved 1048576K
}
Event: 29.961 GC heap after
{Heap after GC invocations=36 (full 0):
 garbage-first heap   total 95232K, used 64788K [0x0000000080000000, 0x0000000100000000)
  region size 1024K, 3 young (3072K), 3 survivors (3072K)
 Metaspace       used 68832K, capacity 70388K, committed 70476K, reserved 1110016K
  class space    used 8641K, capacity 9235K, committed 9292K, reserved 1048576K
}
Event: 30.454 GC heap before
{Heap before GC invocations=37 (full 0):
 garbage-first heap   total 95232K, used 80148K [0x0000000080000000, 0x0000000100000000)
  region size 1024K, 18 young (18432K), 3 survivors (3072K)
 Metaspace       used 70552K, capacity 72084K, committed 72268K, reserved 1112064K
  class space    used 8862K, capacity 9459K, committed 9548K, reserved 1048576K
}
Event: 30.474 GC heap after
{Heap after GC invocations=38 (full 0):
 garbage-first heap   total 95232K, used 65556K [0x0000000080000000, 0x0000000100000000)
  region size 1024K, 2 young (2048K), 2 survivors (2048K)
 Metaspace       used 70552K, capacity 72084K, committed 72268K, reserved 1112064K
  class space    used 8862K, capacity 9459K, committed 9548K, reserved 1048576K
}
Event: 31.399 GC heap before
{Heap before GC invocations=38 (full 0):
 garbage-first heap   total 95232K, used 79892K [0x0000000080000000, 0x0000000100000000)
  region size 1024K, 16 young (16384K), 2 survivors (2048K)
 Metaspace       used 72558K, capacity 74183K, committed 74444K, reserved 1114112K
  class space    used 9268K, capacity 9883K, committed 9932K, reserved 1048576K
}
Event: 31.418 GC heap after
{Heap after GC invocations=39 (full 0):
 garbage-first heap   total 95232K, used 66523K [0x0000000080000000, 0x0000000100000000)
  region size 1024K, 2 young (2048K), 2 survivors (2048K)
 Metaspace       used 72558K, capacity 74183K, committed 74444K, reserved 1114112K
  class space    used 9268K, capacity 9883K, committed 9932K, reserved 1048576K
}
Event: 32.342 GC heap before
{Heap before GC invocations=40 (full 0):
 garbage-first heap   total 95232K, used 79835K [0x0000000080000000, 0x0000000100000000)
  region size 1024K, 15 young (15360K), 2 survivors (2048K)
 Metaspace       used 73985K, capacity 75600K, committed 75724K, reserved 1114112K
  class space    used 9480K, capacity 10097K, committed 10188K, reserved 1048576K
}
Event: 32.358 GC heap after
{Heap after GC invocations=41 (full 0):
 garbage-first heap   total 114688K, used 67508K [0x0000000080000000, 0x0000000100000000)
  region size 1024K, 2 young (2048K), 2 survivors (2048K)
 Metaspace       used 73985K, capacity 75600K, committed 75724K, reserved 1114112K
  class space    used 9480K, capacity 10097K, committed 10188K, reserved 1048576K
}
Event: 33.851 GC heap before
{Heap before GC invocations=41 (full 0):
 garbage-first heap   total 114688K, used 89012K [0x0000000080000000, 0x0000000100000000)
  region size 1024K, 23 young (23552K), 2 survivors (2048K)
 Metaspace       used 75941K, capacity 77602K, committed 77772K, reserved 1116160K
  class space    used 9737K, capacity 10391K, committed 10444K, reserved 1048576K
}
Event: 33.868 GC heap after
{Heap after GC invocations=42 (full 0):
 garbage-first heap   total 114688K, used 69011K [0x0000000080000000, 0x0000000100000000)
  region size 1024K, 3 young (3072K), 3 survivors (3072K)
 Metaspace       used 75941K, capacity 77602K, committed 77772K, reserved 1116160K
  class space    used 9737K, capacity 10391K, committed 10444K, reserved 1048576K
}

