# JRE version: OpenJDK Runtime Environment (11.0.11+9) (build 11.0.11+9-b60-7590822)
# Java VM: OpenJDK 64-Bit Server VM (11.0.11+9-b60-7590822, mixed mode, tiered, compressed oops, g1 gc, windows-amd64)
Heap:
 garbage-first heap   total 114688K, used 58561K [0x0000000080000000, 0x0000000100000000)
  region size 1024K, 2 young (2048K), 2 survivors (2048K)
 Metaspace       used 64552K, capacity 65983K, committed 66124K, reserved 1105920K
  class space    used 8120K, capacity 8674K, committed 8780K, reserved 1048576K
GC Heap History (20 events):
Event: 10.083 GC heap after
{Heap after GC invocations=14 (full 0):
 garbage-first heap   total 78848K, used 27856K [0x0000000080000000, 0x0000000100000000)
  region size 1024K, 3 young (3072K), 3 survivors (3072K)
 Metaspace       used 40191K, capacity 41136K, committed 41420K, reserved 1085440K
  class space    used 5141K, capacity 5507K, committed 5580K, reserved 1048576K
}
Event: 10.691 GC heap before
{Heap before GC invocations=14 (full 0):
 garbage-first heap   total 78848K, used 60624K [0x0000000080000000, 0x0000000100000000)
  region size 1024K, 35 young (35840K), 3 survivors (3072K)
 Metaspace       used 43588K, capacity 44628K, committed 44876K, reserved 1087488K
  class space    used 5565K, capacity 5915K, committed 5964K, reserved 1048576K
}
Event: 10.698 GC heap after
{Heap after GC invocations=15 (full 0):
 garbage-first heap   total 78848K, used 28840K [0x0000000080000000, 0x0000000100000000)
  region size 1024K, 4 young (4096K), 4 survivors (4096K)
 Metaspace       used 43588K, capacity 44628K, committed 44876K, reserved 1087488K
  class space    used 5565K, capacity 5915K, committed 5964K, reserved 1048576K
}
Event: 11.339 GC heap before
{Heap before GC invocations=15 (full 0):
 garbage-first heap   total 78848K, used 61608K [0x0000000080000000, 0x0000000100000000)
  region size 1024K, 36 young (36864K), 4 survivors (4096K)
 Metaspace       used 45947K, capacity 47025K, committed 47052K, reserved 1089536K
  class space    used 5911K, capacity 6332K, committed 6348K, reserved 1048576K
}
Event: 11.347 GC heap after
{Heap after GC invocations=16 (full 0):
 garbage-first heap   total 78848K, used 29851K [0x0000000080000000, 0x0000000100000000)
  region size 1024K, 3 young (3072K), 3 survivors (3072K)
 Metaspace       used 45947K, capacity 47025K, committed 47052K, reserved 1089536K
  class space    used 5911K, capacity 6332K, committed 6348K, reserved 1048576K
}
Event: 12.469 GC heap before
{Heap before GC invocations=16 (full 0):
 garbage-first heap   total 78848K, used 62619K [0x0000000080000000, 0x0000000100000000)
  region size 1024K, 35 young (35840K), 3 survivors (3072K)
 Metaspace       used 47537K, capacity 48735K, committed 48844K, reserved 1091584K
  class space    used 6082K, capacity 6538K, committed 6604K, reserved 1048576K
}
Event: 12.478 GC heap after
{Heap after GC invocations=17 (full 0):
 garbage-first heap   total 78848K, used 31851K [0x0000000080000000, 0x0000000100000000)
  region size 1024K, 5 young (5120K), 5 survivors (5120K)
 Metaspace       used 47537K, capacity 48735K, committed 48844K, reserved 1091584K
  class space    used 6082K, capacity 6538K, committed 6604K, reserved 1048576K
}
Event: 13.487 GC heap before
{Heap before GC invocations=17 (full 0):
 garbage-first heap   total 78848K, used 61547K [0x0000000080000000, 0x0000000100000000)
  region size 1024K, 28 young (28672K), 5 survivors (5120K)
 Metaspace       used 47919K, capacity 49140K, committed 49356K, reserved 1091584K
  class space    used 6112K, capacity 6582K, committed 6604K, reserved 1048576K
}
Event: 13.507 GC heap after
{Heap after GC invocations=18 (full 0):
 garbage-first heap   total 95232K, used 46558K [0x0000000080000000, 0x0000000100000000)
  region size 1024K, 5 young (5120K), 5 survivors (5120K)
 Metaspace       used 47919K, capacity 49140K, committed 49356K, reserved 1091584K
  class space    used 6112K, capacity 6582K, committed 6604K, reserved 1048576K
}
Event: 14.178 GC heap before
{Heap before GC invocations=19 (full 0):
 garbage-first heap   total 95232K, used 74206K [0x0000000080000000, 0x0000000100000000)
  region size 1024K, 31 young (31744K), 5 survivors (5120K)
 Metaspace       used 50253K, capacity 51508K, committed 51788K, reserved 1093632K
  class space    used 6405K, capacity 6911K, committed 6988K, reserved 1048576K
}
Event: 14.187 GC heap after
{Heap after GC invocations=20 (full 0):
 garbage-first heap   total 95232K, used 51874K [0x0000000080000000, 0x0000000100000000)
  region size 1024K, 4 young (4096K), 4 survivors (4096K)
 Metaspace       used 50253K, capacity 51508K, committed 51788K, reserved 1093632K
  class space    used 6405K, capacity 6911K, committed 6988K, reserved 1048576K
}
Event: 15.972 GC heap before
{Heap before GC invocations=20 (full 0):
 garbage-first heap   total 95232K, used 74402K [0x0000000080000000, 0x0000000100000000)
  region size 1024K, 26 young (26624K), 4 survivors (4096K)
 Metaspace       used 53106K, capacity 54465K, committed 54732K, reserved 1097728K
  class space    used 6758K, capacity 7277K, committed 7372K, reserved 1048576K
}
Event: 15.981 GC heap after
{Heap after GC invocations=21 (full 0):
 garbage-first heap   total 95232K, used 52703K [0x0000000080000000, 0x0000000100000000)
  region size 1024K, 1 young (1024K), 1 survivors (1024K)
 Metaspace       used 53106K, capacity 54465K, committed 54732K, reserved 1097728K
  class space    used 6758K, capacity 7277K, committed 7372K, reserved 1048576K
}
Event: 18.102 GC heap before
{Heap before GC invocations=22 (full 0):
 garbage-first heap   total 95232K, used 76255K [0x0000000080000000, 0x0000000100000000)
  region size 1024K, 24 young (24576K), 1 survivors (1024K)
 Metaspace       used 56746K, capacity 58104K, committed 58188K, reserved 1099776K
  class space    used 7167K, capacity 7679K, committed 7756K, reserved 1048576K
}
Event: 18.106 GC heap after
{Heap after GC invocations=23 (full 0):
 garbage-first heap   total 95232K, used 53182K [0x0000000080000000, 0x0000000100000000)
  region size 1024K, 2 young (2048K), 2 survivors (2048K)
 Metaspace       used 56746K, capacity 58104K, committed 58188K, reserved 1099776K
  class space    used 7167K, capacity 7679K, committed 7756K, reserved 1048576K
}
Event: 18.776 GC heap before
{Heap before GC invocations=23 (full 0):
 garbage-first heap   total 95232K, used 76734K [0x0000000080000000, 0x0000000100000000)
  region size 1024K, 25 young (25600K), 2 survivors (2048K)
 Metaspace       used 60126K, capacity 61520K, committed 61772K, reserved 1103872K
  class space    used 7610K, capacity 8174K, committed 8268K, reserved 1048576K
}
Event: 18.784 GC heap after
{Heap after GC invocations=24 (full 0):
 garbage-first heap   total 95232K, used 54471K [0x0000000080000000, 0x0000000100000000)
  region size 1024K, 3 young (3072K), 3 survivors (3072K)
 Metaspace       used 60126K, capacity 61520K, committed 61772K, reserved 1103872K
  class space    used 7610K, capacity 8174K, committed 8268K, reserved 1048576K
}
Event: 19.488 GC heap before
{Heap before GC invocations=25 (full 0):
 garbage-first heap   total 95232K, used 76999K [0x0000000080000000, 0x0000000100000000)
  region size 1024K, 26 young (26624K), 3 survivors (3072K)
 Metaspace       used 62605K, capacity 64066K, committed 64332K, reserved 1105920K
  class space    used 7889K, capacity 8466K, committed 8524K, reserved 1048576K
}
Event: 19.503 GC heap after
{Heap after GC invocations=26 (full 0):
 garbage-first heap   total 95232K, used 56992K [0x0000000080000000, 0x0000000100000000)
  region size 1024K, 4 young (4096K), 4 survivors (4096K)
 Metaspace       used 62605K, capacity 64066K, committed 64332K, reserved 1105920K
  class space    used 7889K, capacity 8466K, committed 8524K, reserved 1048576K
}
Event: 20.130 GC heap before
{Heap before GC invocations=26 (full 0):
 garbage-first heap   total 95232K, used 78496K [0x0000000080000000, 0x0000000100000000)
  region size 1024K, 25 young (25600K), 4 survivors (4096K)
 Metaspace       used 64552K, capacity 65983K, committed 66124K, reserved 1105920K
  class space    used 8120K, capacity 8674K, committed 8780K, reserved 1048576K
}

