# JRE version: OpenJDK Runtime Environment (11.0.11+9) (build 11.0.11+9-b60-7590822)
# Java VM: OpenJDK 64-Bit Server VM (11.0.11+9-b60-7590822, mixed mode, tiered, compressed oops, g1 gc, windows-amd64)
Heap:
 garbage-first heap   total 118784K, used 69782K [0x0000000080000000, 0x0000000100000000)
  region size 1024K, 16 young (16384K), 5 survivors (5120K)
 Metaspace       used 62805K, capacity 64267K, committed 64332K, reserved 1105920K
  class space    used 7897K, capacity 8466K, committed 8524K, reserved 1048576K
GC Heap History (20 events):
Event: 11.044 GC heap before
{Heap before GC invocations=10 (full 0):
 garbage-first heap   total 78848K, used 45797K [0x0000000080000000, 0x0000000100000000)
  region size 1024K, 29 young (29696K), 3 survivors (3072K)
 Metaspace       used 34995K, capacity 35805K, committed 35840K, reserved 1081344K
  class space    used 4541K, capacity 4864K, committed 4864K, reserved 1048576K
}
Event: 11.059 GC heap after
{Heap after GC invocations=11 (full 0):
 garbage-first heap   total 78848K, used 22802K [0x0000000080000000, 0x0000000100000000)
  region size 1024K, 5 young (5120K), 5 survivors (5120K)
 Metaspace       used 34995K, capacity 35805K, committed 35840K, reserved 1081344K
  class space    used 4541K, capacity 4864K, committed 4864K, reserved 1048576K
}
Event: 11.881 GC heap before
{Heap before GC invocations=12 (full 0):
 garbage-first heap   total 78848K, used 56594K [0x0000000080000000, 0x0000000100000000)
  region size 1024K, 38 young (38912K), 5 survivors (5120K)
 Metaspace       used 37609K, capacity 38539K, committed 38860K, reserved 1083392K
  class space    used 4858K, capacity 5196K, committed 5324K, reserved 1048576K
}
Event: 11.895 GC heap after
{Heap after GC invocations=13 (full 0):
 garbage-first heap   total 78848K, used 26108K [0x0000000080000000, 0x0000000100000000)
  region size 1024K, 4 young (4096K), 4 survivors (4096K)
 Metaspace       used 37609K, capacity 38539K, committed 38860K, reserved 1083392K
  class space    used 4858K, capacity 5196K, committed 5324K, reserved 1048576K
}
Event: 12.710 GC heap before
{Heap before GC invocations=13 (full 0):
 garbage-first heap   total 78848K, used 60924K [0x0000000080000000, 0x0000000100000000)
  region size 1024K, 36 young (36864K), 4 survivors (4096K)
 Metaspace       used 40162K, capacity 41172K, committed 41420K, reserved 1085440K
  class space    used 5124K, capacity 5474K, committed 5580K, reserved 1048576K
}
Event: 12.722 GC heap after
{Heap after GC invocations=14 (full 0):
 garbage-first heap   total 78848K, used 27863K [0x0000000080000000, 0x0000000100000000)
  region size 1024K, 3 young (3072K), 3 survivors (3072K)
 Metaspace       used 40162K, capacity 41172K, committed 41420K, reserved 1085440K
  class space    used 5124K, capacity 5474K, committed 5580K, reserved 1048576K
}
Event: 13.555 GC heap before
{Heap before GC invocations=14 (full 0):
 garbage-first heap   total 78848K, used 60631K [0x0000000080000000, 0x0000000100000000)
  region size 1024K, 35 young (35840K), 3 survivors (3072K)
 Metaspace       used 43576K, capacity 44560K, committed 44620K, reserved 1087488K
  class space    used 5551K, capacity 5911K, committed 5964K, reserved 1048576K
}
Event: 13.565 GC heap after
{Heap after GC invocations=15 (full 0):
 garbage-first heap   total 78848K, used 29029K [0x0000000080000000, 0x0000000100000000)
  region size 1024K, 4 young (4096K), 4 survivors (4096K)
 Metaspace       used 43576K, capacity 44560K, committed 44620K, reserved 1087488K
  class space    used 5551K, capacity 5911K, committed 5964K, reserved 1048576K
}
Event: 14.303 GC heap before
{Heap before GC invocations=15 (full 0):
 garbage-first heap   total 78848K, used 61797K [0x0000000080000000, 0x0000000100000000)
  region size 1024K, 36 young (36864K), 4 survivors (4096K)
 Metaspace       used 45990K, capacity 47096K, committed 47308K, reserved 1089536K
  class space    used 5905K, capacity 6332K, committed 6348K, reserved 1048576K
}
Event: 14.318 GC heap after
{Heap after GC invocations=16 (full 0):
 garbage-first heap   total 95232K, used 29972K [0x0000000080000000, 0x0000000100000000)
  region size 1024K, 3 young (3072K), 3 survivors (3072K)
 Metaspace       used 45990K, capacity 47096K, committed 47308K, reserved 1089536K
  class space    used 5905K, capacity 6332K, committed 6348K, reserved 1048576K
}
Event: 16.631 GC heap before
{Heap before GC invocations=16 (full 0):
 garbage-first heap   total 95232K, used 68884K [0x0000000080000000, 0x0000000100000000)
  region size 1024K, 41 young (41984K), 3 survivors (3072K)
 Metaspace       used 47863K, capacity 49059K, committed 49356K, reserved 1091584K
  class space    used 6092K, capacity 6534K, committed 6604K, reserved 1048576K
}
Event: 16.646 GC heap after
{Heap after GC invocations=17 (full 0):
 garbage-first heap   total 95232K, used 33743K [0x0000000080000000, 0x0000000100000000)
  region size 1024K, 6 young (6144K), 6 survivors (6144K)
 Metaspace       used 47863K, capacity 49059K, committed 49356K, reserved 1091584K
  class space    used 6092K, capacity 6534K, committed 6604K, reserved 1048576K
}
Event: 18.047 GC heap before
{Heap before GC invocations=17 (full 0):
 garbage-first heap   total 95232K, used 81871K [0x0000000080000000, 0x0000000100000000)
  region size 1024K, 45 young (46080K), 6 survivors (6144K)
 Metaspace       used 49967K, capacity 51195K, committed 51404K, reserved 1093632K
  class space    used 6345K, capacity 6803K, committed 6860K, reserved 1048576K
}
Event: 18.064 GC heap after
{Heap after GC invocations=18 (full 0):
 garbage-first heap   total 98304K, used 51274K [0x0000000080000000, 0x0000000100000000)
  region size 1024K, 6 young (6144K), 6 survivors (6144K)
 Metaspace       used 49967K, capacity 51195K, committed 51404K, reserved 1093632K
  class space    used 6345K, capacity 6803K, committed 6860K, reserved 1048576K
}
Event: 18.875 GC heap before
{Heap before GC invocations=18 (full 0):
 garbage-first heap   total 98304K, used 76874K [0x0000000080000000, 0x0000000100000000)
  region size 1024K, 31 young (31744K), 6 survivors (6144K)
 Metaspace       used 53261K, capacity 54589K, committed 54732K, reserved 1097728K
  class space    used 6755K, capacity 7273K, committed 7372K, reserved 1048576K
}
Event: 18.888 GC heap after
{Heap after GC invocations=19 (full 0):
 garbage-first heap   total 98304K, used 53178K [0x0000000080000000, 0x0000000100000000)
  region size 1024K, 2 young (2048K), 2 survivors (2048K)
 Metaspace       used 53261K, capacity 54589K, committed 54732K, reserved 1097728K
  class space    used 6755K, capacity 7273K, committed 7372K, reserved 1048576K
}
Event: 19.794 GC heap before
{Heap before GC invocations=20 (full 0):
 garbage-first heap   total 98304K, used 77754K [0x0000000080000000, 0x0000000100000000)
  region size 1024K, 27 young (27648K), 2 survivors (2048K)
 Metaspace       used 57236K, capacity 58662K, committed 58956K, reserved 1099776K
  class space    used 7195K, capacity 7712K, committed 7756K, reserved 1048576K
}
Event: 19.800 GC heap after
{Heap after GC invocations=21 (full 0):
 garbage-first heap   total 118784K, used 53575K [0x0000000080000000, 0x0000000100000000)
  region size 1024K, 2 young (2048K), 2 survivors (2048K)
 Metaspace       used 57236K, capacity 58662K, committed 58956K, reserved 1099776K
  class space    used 7195K, capacity 7712K, committed 7756K, reserved 1048576K
}
Event: 21.010 GC heap before
{Heap before GC invocations=21 (full 0):
 garbage-first heap   total 118784K, used 87367K [0x0000000080000000, 0x0000000100000000)
  region size 1024K, 36 young (36864K), 2 survivors (2048K)
 Metaspace       used 61584K, capacity 63010K, committed 63180K, reserved 1103872K
  class space    used 7749K, capacity 8304K, committed 8396K, reserved 1048576K
}
Event: 21.020 GC heap after
{Heap after GC invocations=22 (full 0):
 garbage-first heap   total 118784K, used 59542K [0x0000000080000000, 0x0000000100000000)
  region size 1024K, 5 young (5120K), 5 survivors (5120K)
 Metaspace       used 61584K, capacity 63010K, committed 63180K, reserved 1103872K
  class space    used 7749K, capacity 8304K, committed 8396K, reserved 1048576K
}

