# JRE version: OpenJDK Runtime Environment (11.0.11+9) (build 11.0.11+9-b60-7590822)
# Java VM: OpenJDK 64-Bit Server VM (11.0.11+9-b60-7590822, mixed mode, tiered, compressed oops, g1 gc, windows-amd64)
Heap:
 garbage-first heap   total 112640K, used 53993K [0x0000000080000000, 0x0000000100000000)
  region size 1024K, 2 young (2048K), 2 survivors (2048K)
 Metaspace       used 57630K, capacity 58891K, committed 59084K, reserved 1099776K
  class space    used 7252K, capacity 7746K, committed 7884K, reserved 1048576K
GC Heap History (20 events):
Event: 21.098 GC heap after
{Heap after GC invocations=31 (full 0):
 garbage-first heap   total 65536K, used 52106K [0x0000000080000000, 0x0000000100000000)
  region size 1024K, 1 young (1024K), 1 survivors (1024K)
 Metaspace       used 49713K, capacity 50924K, committed 51148K, reserved 1093632K
  class space    used 6333K, capacity 6799K, committed 6860K, reserved 1048576K
}
Event: 21.139 GC heap before
{Heap before GC invocations=31 (full 0):
 garbage-first heap   total 65536K, used 53130K [0x0000000080000000, 0x0000000100000000)
  region size 1024K, 3 young (3072K), 1 survivors (1024K)
 Metaspace       used 50012K, capacity 51212K, committed 51404K, reserved 1093632K
  class space    used 6377K, capacity 6831K, committed 6860K, reserved 1048576K
}
Event: 21.141 GC heap after
{Heap after GC invocations=32 (full 0):
 garbage-first heap   total 65536K, used 52154K [0x0000000080000000, 0x0000000100000000)
  region size 1024K, 1 young (1024K), 1 survivors (1024K)
 Metaspace       used 50012K, capacity 51212K, committed 51404K, reserved 1093632K
  class space    used 6377K, capacity 6831K, committed 6860K, reserved 1048576K
}
Event: 21.228 GC heap before
{Heap before GC invocations=32 (full 0):
 garbage-first heap   total 65536K, used 54202K [0x0000000080000000, 0x0000000100000000)
  region size 1024K, 4 young (4096K), 1 survivors (1024K)
 Metaspace       used 50411K, capacity 51680K, committed 51788K, reserved 1093632K
  class space    used 6418K, capacity 6903K, committed 6988K, reserved 1048576K
}
Event: 21.230 GC heap after
{Heap after GC invocations=33 (full 0):
 garbage-first heap   total 65536K, used 52429K [0x0000000080000000, 0x0000000100000000)
  region size 1024K, 1 young (1024K), 1 survivors (1024K)
 Metaspace       used 50411K, capacity 51680K, committed 51788K, reserved 1093632K
  class space    used 6418K, capacity 6903K, committed 6988K, reserved 1048576K
}
Event: 21.300 GC heap before
{Heap before GC invocations=34 (full 0):
 garbage-first heap   total 65536K, used 55501K [0x0000000080000000, 0x0000000100000000)
  region size 1024K, 4 young (4096K), 1 survivors (1024K)
 Metaspace       used 50804K, capacity 52034K, committed 52300K, reserved 1095680K
  class space    used 6465K, capacity 6936K, committed 6988K, reserved 1048576K
}
Event: 21.302 GC heap after
{Heap after GC invocations=35 (full 0):
 garbage-first heap   total 65536K, used 52287K [0x0000000080000000, 0x0000000100000000)
  region size 1024K, 1 young (1024K), 1 survivors (1024K)
 Metaspace       used 50804K, capacity 52034K, committed 52300K, reserved 1095680K
  class space    used 6465K, capacity 6936K, committed 6988K, reserved 1048576K
}
Event: 21.381 GC heap before
{Heap before GC invocations=35 (full 0):
 garbage-first heap   total 65536K, used 55359K [0x0000000080000000, 0x0000000100000000)
  region size 1024K, 4 young (4096K), 1 survivors (1024K)
 Metaspace       used 51170K, capacity 52436K, committed 52684K, reserved 1095680K
  class space    used 6513K, capacity 7005K, committed 7116K, reserved 1048576K
}
Event: 21.383 GC heap after
{Heap after GC invocations=36 (full 0):
 garbage-first heap   total 65536K, used 52398K [0x0000000080000000, 0x0000000100000000)
  region size 1024K, 1 young (1024K), 1 survivors (1024K)
 Metaspace       used 51170K, capacity 52436K, committed 52684K, reserved 1095680K
  class space    used 6513K, capacity 7005K, committed 7116K, reserved 1048576K
}
Event: 21.449 GC heap before
{Heap before GC invocations=36 (full 0):
 garbage-first heap   total 65536K, used 54446K [0x0000000080000000, 0x0000000100000000)
  region size 1024K, 4 young (4096K), 1 survivors (1024K)
 Metaspace       used 51552K, capacity 52789K, committed 52940K, reserved 1095680K
  class space    used 6562K, capacity 7037K, committed 7116K, reserved 1048576K
}
Event: 21.451 GC heap after
{Heap after GC invocations=37 (full 0):
 garbage-first heap   total 65536K, used 52467K [0x0000000080000000, 0x0000000100000000)
  region size 1024K, 1 young (1024K), 1 survivors (1024K)
 Metaspace       used 51552K, capacity 52789K, committed 52940K, reserved 1095680K
  class space    used 6562K, capacity 7037K, committed 7116K, reserved 1048576K
}
Event: 21.534 GC heap before
{Heap before GC invocations=37 (full 0):
 garbage-first heap   total 65536K, used 55539K [0x0000000080000000, 0x0000000100000000)
  region size 1024K, 4 young (4096K), 1 survivors (1024K)
 Metaspace       used 51946K, capacity 53098K, committed 53196K, reserved 1095680K
  class space    used 6614K, capacity 7074K, committed 7116K, reserved 1048576K
}
Event: 21.537 GC heap after
{Heap after GC invocations=38 (full 0):
 garbage-first heap   total 78848K, used 52565K [0x0000000080000000, 0x0000000100000000)
  region size 1024K, 1 young (1024K), 1 survivors (1024K)
 Metaspace       used 51946K, capacity 53098K, committed 53196K, reserved 1095680K
  class space    used 6614K, capacity 7074K, committed 7116K, reserved 1048576K
}
Event: 21.798 GC heap before
{Heap before GC invocations=39 (full 0):
 garbage-first heap   total 78848K, used 61781K [0x0000000080000000, 0x0000000100000000)
  region size 1024K, 10 young (10240K), 1 survivors (1024K)
 Metaspace       used 53150K, capacity 54445K, committed 54732K, reserved 1097728K
  class space    used 6765K, capacity 7269K, committed 7372K, reserved 1048576K
}
Event: 21.801 GC heap after
{Heap after GC invocations=40 (full 0):
 garbage-first heap   total 78848K, used 52946K [0x0000000080000000, 0x0000000100000000)
  region size 1024K, 1 young (1024K), 1 survivors (1024K)
 Metaspace       used 53150K, capacity 54445K, committed 54732K, reserved 1097728K
  class space    used 6765K, capacity 7269K, committed 7372K, reserved 1048576K
}
Event: 22.100 GC heap before
{Heap before GC invocations=40 (full 0):
 garbage-first heap   total 78848K, used 62162K [0x0000000080000000, 0x0000000100000000)
  region size 1024K, 10 young (10240K), 1 survivors (1024K)
 Metaspace       used 54447K, capacity 55752K, committed 55884K, reserved 1097728K
  class space    used 6949K, capacity 7447K, committed 7500K, reserved 1048576K
}
Event: 22.104 GC heap after
{Heap after GC invocations=41 (full 0):
 garbage-first heap   total 78848K, used 53381K [0x0000000080000000, 0x0000000100000000)
  region size 1024K, 2 young (2048K), 2 survivors (2048K)
 Metaspace       used 54447K, capacity 55752K, committed 55884K, reserved 1097728K
  class space    used 6949K, capacity 7447K, committed 7500K, reserved 1048576K
}
Event: 22.345 GC heap before
{Heap before GC invocations=42 (full 0):
 garbage-first heap   total 78848K, used 62597K [0x0000000080000000, 0x0000000100000000)
  region size 1024K, 11 young (11264K), 2 survivors (2048K)
 Metaspace       used 56278K, capacity 57596K, committed 57804K, reserved 1099776K
  class space    used 7124K, capacity 7614K, committed 7628K, reserved 1048576K
}
Event: 22.351 GC heap after
{Heap after GC invocations=43 (full 0):
 garbage-first heap   total 78848K, used 53557K [0x0000000080000000, 0x0000000100000000)
  region size 1024K, 2 young (2048K), 2 survivors (2048K)
 Metaspace       used 56278K, capacity 57596K, committed 57804K, reserved 1099776K
  class space    used 7124K, capacity 7614K, committed 7628K, reserved 1048576K
}
Event: 22.635 GC heap before
{Heap before GC invocations=43 (full 0):
 garbage-first heap   total 78848K, used 62773K [0x0000000080000000, 0x0000000100000000)
  region size 1024K, 11 young (11264K), 2 survivors (2048K)
 Metaspace       used 57630K, capacity 58891K, committed 59084K, reserved 1099776K
  class space    used 7252K, capacity 7746K, committed 7884K, reserved 1048576K
}

